This is pdfTeX, Version 3.14159265-2.6-1.40.18 (TeX Live 2017/Debian) (preloaded format=pdflatex 2025.9.10)  16 DEC 2025 16:18
entering extended mode
 restricted \write18 enabled.
 %&-line parsing enabled.
**main.tex
(./main.tex
LaTeX2e <2017-04-15>
Babel <3.18> and hyphenation patterns for 84 language(s) loaded.
(/usr/share/texlive/texmf-dist/tex/latex/base/book.cls
Document Class: book 2014/09/29 v1.4h Standard LaTeX document class
(/usr/share/texlive/texmf-dist/tex/latex/base/bk10.clo
File: bk10.clo 2014/09/29 v1.4h Standard LaTeX file (size option)
)
\c@part=\count79
\c@chapter=\count80
\c@section=\count81
\c@subsection=\count82
\c@subsubsection=\count83
\c@paragraph=\count84
\c@subparagraph=\count85
\c@figure=\count86
\c@table=\count87
\abovecaptionskip=\skip41
\belowcaptionskip=\skip42
\bibindent=\dimen102
)
(/usr/share/texlive/texmf-dist/tex/latex/base/inputenc.sty
Package: inputenc 2015/03/17 v1.2c Input encoding file
\inpenc@prehook=\toks14
\inpenc@posthook=\toks15

(/usr/share/texlive/texmf-dist/tex/latex/base/utf8.def
File: utf8.def 2017/01/28 v1.1t UTF-8 support for inputenc
Now handling font encoding OML ...
... no UTF-8 mapping file for font encoding OML
Now handling font encoding T1 ...
... processing UTF-8 mapping file for font encoding T1

(/usr/share/texlive/texmf-dist/tex/latex/base/t1enc.dfu
File: t1enc.dfu 2017/01/28 v1.1t UTF-8 support for inputenc
   defining Unicode char U+00A0 (decimal 160)
   defining Unicode char U+00A1 (decimal 161)
   defining Unicode char U+00A3 (decimal 163)
   defining Unicode char U+00AB (decimal 171)
   defining Unicode char U+00AD (decimal 173)
   defining Unicode char U+00BB (decimal 187)
   defining Unicode char U+00BF (decimal 191)
   defining Unicode char U+00C0 (decimal 192)
   defining Unicode char U+00C1 (decimal 193)
   defining Unicode char U+00C2 (decimal 194)
   defining Unicode char U+00C3 (decimal 195)
   defining Unicode char U+00C4 (decimal 196)
   defining Unicode char U+00C5 (decimal 197)
   defining Unicode char U+00C6 (decimal 198)
   defining Unicode char U+00C7 (decimal 199)
   defining Unicode char U+00C8 (decimal 200)
   defining Unicode char U+00C9 (decimal 201)
   defining Unicode char U+00CA (decimal 202)
   defining Unicode char U+00CB (decimal 203)
   defining Unicode char U+00CC (decimal 204)
   defining Unicode char U+00CD (decimal 205)
   defining Unicode char U+00CE (decimal 206)
   defining Unicode char U+00CF (decimal 207)
   defining Unicode char U+00D0 (decimal 208)
   defining Unicode char U+00D1 (decimal 209)
   defining Unicode char U+00D2 (decimal 210)
   defining Unicode char U+00D3 (decimal 211)
   defining Unicode char U+00D4 (decimal 212)
   defining Unicode char U+00D5 (decimal 213)
   defining Unicode char U+00D6 (decimal 214)
   defining Unicode char U+00D8 (decimal 216)
   defining Unicode char U+00D9 (decimal 217)
   defining Unicode char U+00DA (decimal 218)
   defining Unicode char U+00DB (decimal 219)
   defining Unicode char U+00DC (decimal 220)
   defining Unicode char U+00DD (decimal 221)
   defining Unicode char U+00DE (decimal 222)
   defining Unicode char U+00DF (decimal 223)
   defining Unicode char U+00E0 (decimal 224)
   defining Unicode char U+00E1 (decimal 225)
   defining Unicode char U+00E2 (decimal 226)
   defining Unicode char U+00E3 (decimal 227)
   defining Unicode char U+00E4 (decimal 228)
   defining Unicode char U+00E5 (decimal 229)
   defining Unicode char U+00E6 (decimal 230)
   defining Unicode char U+00E7 (decimal 231)
   defining Unicode char U+00E8 (decimal 232)
   defining Unicode char U+00E9 (decimal 233)
   defining Unicode char U+00EA (decimal 234)
   defining Unicode char U+00EB (decimal 235)
   defining Unicode char U+00EC (decimal 236)
   defining Unicode char U+00ED (decimal 237)
   defining Unicode char U+00EE (decimal 238)
   defining Unicode char U+00EF (decimal 239)
   defining Unicode char U+00F0 (decimal 240)
   defining Unicode char U+00F1 (decimal 241)
   defining Unicode char U+00F2 (decimal 242)
   defining Unicode char U+00F3 (decimal 243)
   defining Unicode char U+00F4 (decimal 244)
   defining Unicode char U+00F5 (decimal 245)
   defining Unicode char U+00F6 (decimal 246)
   defining Unicode char U+00F8 (decimal 248)
   defining Unicode char U+00F9 (decimal 249)
   defining Unicode char U+00FA (decimal 250)
   defining Unicode char U+00FB (decimal 251)
   defining Unicode char U+00FC (decimal 252)
   defining Unicode char U+00FD (decimal 253)
   defining Unicode char U+00FE (decimal 254)
   defining Unicode char U+00FF (decimal 255)
   defining Unicode char U+0100 (decimal 256)
   defining Unicode char U+0101 (decimal 257)
   defining Unicode char U+0102 (decimal 258)
   defining Unicode char U+0103 (decimal 259)
   defining Unicode char U+0104 (decimal 260)
   defining Unicode char U+0105 (decimal 261)
   defining Unicode char U+0106 (decimal 262)
   defining Unicode char U+0107 (decimal 263)
   defining Unicode char U+0108 (decimal 264)
   defining Unicode char U+0109 (decimal 265)
   defining Unicode char U+010A (decimal 266)
   defining Unicode char U+010B (decimal 267)
   defining Unicode char U+010C (decimal 268)
   defining Unicode char U+010D (decimal 269)
   defining Unicode char U+010E (decimal 270)
   defining Unicode char U+010F (decimal 271)
   defining Unicode char U+0110 (decimal 272)
   defining Unicode char U+0111 (decimal 273)
   defining Unicode char U+0112 (decimal 274)
   defining Unicode char U+0113 (decimal 275)
   defining Unicode char U+0114 (decimal 276)
   defining Unicode char U+0115 (decimal 277)
   defining Unicode char U+0116 (decimal 278)
   defining Unicode char U+0117 (decimal 279)
   defining Unicode char U+0118 (decimal 280)
   defining Unicode char U+0119 (decimal 281)
   defining Unicode char U+011A (decimal 282)
   defining Unicode char U+011B (decimal 283)
   defining Unicode char U+011C (decimal 284)
   defining Unicode char U+011D (decimal 285)
   defining Unicode char U+011E (decimal 286)
   defining Unicode char U+011F (decimal 287)
   defining Unicode char U+0120 (decimal 288)
   defining Unicode char U+0121 (decimal 289)
   defining Unicode char U+0122 (decimal 290)
   defining Unicode char U+0123 (decimal 291)
   defining Unicode char U+0124 (decimal 292)
   defining Unicode char U+0125 (decimal 293)
   defining Unicode char U+0128 (decimal 296)
   defining Unicode char U+0129 (decimal 297)
   defining Unicode char U+012A (decimal 298)
   defining Unicode char U+012B (decimal 299)
   defining Unicode char U+012C (decimal 300)
   defining Unicode char U+012D (decimal 301)
   defining Unicode char U+012E (decimal 302)
   defining Unicode char U+012F (decimal 303)
   defining Unicode char U+0130 (decimal 304)
   defining Unicode char U+0131 (decimal 305)
   defining Unicode char U+0132 (decimal 306)
   defining Unicode char U+0133 (decimal 307)
   defining Unicode char U+0134 (decimal 308)
   defining Unicode char U+0135 (decimal 309)
   defining Unicode char U+0136 (decimal 310)
   defining Unicode char U+0137 (decimal 311)
   defining Unicode char U+0139 (decimal 313)
   defining Unicode char U+013A (decimal 314)
   defining Unicode char U+013B (decimal 315)
   defining Unicode char U+013C (decimal 316)
   defining Unicode char U+013D (decimal 317)
   defining Unicode char U+013E (decimal 318)
   defining Unicode char U+0141 (decimal 321)
   defining Unicode char U+0142 (decimal 322)
   defining Unicode char U+0143 (decimal 323)
   defining Unicode char U+0144 (decimal 324)
   defining Unicode char U+0145 (decimal 325)
   defining Unicode char U+0146 (decimal 326)
   defining Unicode char U+0147 (decimal 327)
   defining Unicode char U+0148 (decimal 328)
   defining Unicode char U+014A (decimal 330)
   defining Unicode char U+014B (decimal 331)
   defining Unicode char U+014C (decimal 332)
   defining Unicode char U+014D (decimal 333)
   defining Unicode char U+014E (decimal 334)
   defining Unicode char U+014F (decimal 335)
   defining Unicode char U+0150 (decimal 336)
   defining Unicode char U+0151 (decimal 337)
   defining Unicode char U+0152 (decimal 338)
   defining Unicode char U+0153 (decimal 339)
   defining Unicode char U+0154 (decimal 340)
   defining Unicode char U+0155 (decimal 341)
   defining Unicode char U+0156 (decimal 342)
   defining Unicode char U+0157 (decimal 343)
   defining Unicode char U+0158 (decimal 344)
   defining Unicode char U+0159 (decimal 345)
   defining Unicode char U+015A (decimal 346)
   defining Unicode char U+015B (decimal 347)
   defining Unicode char U+015C (decimal 348)
   defining Unicode char U+015D (decimal 349)
   defining Unicode char U+015E (decimal 350)
   defining Unicode char U+015F (decimal 351)
   defining Unicode char U+0160 (decimal 352)
   defining Unicode char U+0161 (decimal 353)
   defining Unicode char U+0162 (decimal 354)
   defining Unicode char U+0163 (decimal 355)
   defining Unicode char U+0164 (decimal 356)
   defining Unicode char U+0165 (decimal 357)
   defining Unicode char U+0168 (decimal 360)
   defining Unicode char U+0169 (decimal 361)
   defining Unicode char U+016A (decimal 362)
   defining Unicode char U+016B (decimal 363)
   defining Unicode char U+016C (decimal 364)
   defining Unicode char U+016D (decimal 365)
   defining Unicode char U+016E (decimal 366)
   defining Unicode char U+016F (decimal 367)
   defining Unicode char U+0170 (decimal 368)
   defining Unicode char U+0171 (decimal 369)
   defining Unicode char U+0172 (decimal 370)
   defining Unicode char U+0173 (decimal 371)
   defining Unicode char U+0174 (decimal 372)
   defining Unicode char U+0175 (decimal 373)
   defining Unicode char U+0176 (decimal 374)
   defining Unicode char U+0177 (decimal 375)
   defining Unicode char U+0178 (decimal 376)
   defining Unicode char U+0179 (decimal 377)
   defining Unicode char U+017A (decimal 378)
   defining Unicode char U+017B (decimal 379)
   defining Unicode char U+017C (decimal 380)
   defining Unicode char U+017D (decimal 381)
   defining Unicode char U+017E (decimal 382)
   defining Unicode char U+01CD (decimal 461)
   defining Unicode char U+01CE (decimal 462)
   defining Unicode char U+01CF (decimal 463)
   defining Unicode char U+01D0 (decimal 464)
   defining Unicode char U+01D1 (decimal 465)
   defining Unicode char U+01D2 (decimal 466)
   defining Unicode char U+01D3 (decimal 467)
   defining Unicode char U+01D4 (decimal 468)
   defining Unicode char U+01E2 (decimal 482)
   defining Unicode char U+01E3 (decimal 483)
   defining Unicode char U+01E6 (decimal 486)
   defining Unicode char U+01E7 (decimal 487)
   defining Unicode char U+01E8 (decimal 488)
   defining Unicode char U+01E9 (decimal 489)
   defining Unicode char U+01EA (decimal 490)
   defining Unicode char U+01EB (decimal 491)
   defining Unicode char U+01F0 (decimal 496)
   defining Unicode char U+01F4 (decimal 500)
   defining Unicode char U+01F5 (decimal 501)
   defining Unicode char U+0218 (decimal 536)
   defining Unicode char U+0219 (decimal 537)
   defining Unicode char U+021A (decimal 538)
   defining Unicode char U+021B (decimal 539)
   defining Unicode char U+0232 (decimal 562)
   defining Unicode char U+0233 (decimal 563)
   defining Unicode char U+1E02 (decimal 7682)
   defining Unicode char U+1E03 (decimal 7683)
   defining Unicode char U+200C (decimal 8204)
   defining Unicode char U+2010 (decimal 8208)
   defining Unicode char U+2011 (decimal 8209)
   defining Unicode char U+2012 (decimal 8210)
   defining Unicode char U+2013 (decimal 8211)
   defining Unicode char U+2014 (decimal 8212)
   defining Unicode char U+2015 (decimal 8213)
   defining Unicode char U+2018 (decimal 8216)
   defining Unicode char U+2019 (decimal 8217)
   defining Unicode char U+201A (decimal 8218)
   defining Unicode char U+201C (decimal 8220)
   defining Unicode char U+201D (decimal 8221)
   defining Unicode char U+201E (decimal 8222)
   defining Unicode char U+2030 (decimal 8240)
   defining Unicode char U+2031 (decimal 8241)
   defining Unicode char U+2039 (decimal 8249)
   defining Unicode char U+203A (decimal 8250)
   defining Unicode char U+2423 (decimal 9251)
   defining Unicode char U+1E20 (decimal 7712)
   defining Unicode char U+1E21 (decimal 7713)
)
Now handling font encoding OT1 ...
... processing UTF-8 mapping file for font encoding OT1

(/usr/share/texlive/texmf-dist/tex/latex/base/ot1enc.dfu
File: ot1enc.dfu 2017/01/28 v1.1t UTF-8 support for inputenc
   defining Unicode char U+00A0 (decimal 160)
   defining Unicode char U+00A1 (decimal 161)
   defining Unicode char U+00A3 (decimal 163)
   defining Unicode char U+00AD (decimal 173)
   defining Unicode char U+00B8 (decimal 184)
   defining Unicode char U+00BF (decimal 191)
   defining Unicode char U+00C5 (decimal 197)
   defining Unicode char U+00C6 (decimal 198)
   defining Unicode char U+00D8 (decimal 216)
   defining Unicode char U+00DF (decimal 223)
   defining Unicode char U+00E6 (decimal 230)
   defining Unicode char U+00EC (decimal 236)
   defining Unicode char U+00ED (decimal 237)
   defining Unicode char U+00EE (decimal 238)
   defining Unicode char U+00EF (decimal 239)
   defining Unicode char U+00F8 (decimal 248)
   defining Unicode char U+0131 (decimal 305)
   defining Unicode char U+0141 (decimal 321)
   defining Unicode char U+0142 (decimal 322)
   defining Unicode char U+0152 (decimal 338)
   defining Unicode char U+0153 (decimal 339)
   defining Unicode char U+0174 (decimal 372)
   defining Unicode char U+0175 (decimal 373)
   defining Unicode char U+0176 (decimal 374)
   defining Unicode char U+0177 (decimal 375)
   defining Unicode char U+0218 (decimal 536)
   defining Unicode char U+0219 (decimal 537)
   defining Unicode char U+021A (decimal 538)
   defining Unicode char U+021B (decimal 539)
   defining Unicode char U+2013 (decimal 8211)
   defining Unicode char U+2014 (decimal 8212)
   defining Unicode char U+2018 (decimal 8216)
   defining Unicode char U+2019 (decimal 8217)
   defining Unicode char U+201C (decimal 8220)
   defining Unicode char U+201D (decimal 8221)
)
Now handling font encoding OMS ...
... processing UTF-8 mapping file for font encoding OMS

(/usr/share/texlive/texmf-dist/tex/latex/base/omsenc.dfu
File: omsenc.dfu 2017/01/28 v1.1t UTF-8 support for inputenc
   defining Unicode char U+00A7 (decimal 167)
   defining Unicode char U+00B6 (decimal 182)
   defining Unicode char U+00B7 (decimal 183)
   defining Unicode char U+2020 (decimal 8224)
   defining Unicode char U+2021 (decimal 8225)
   defining Unicode char U+2022 (decimal 8226)
)
Now handling font encoding OMX ...
... no UTF-8 mapping file for font encoding OMX
Now handling font encoding U ...
... no UTF-8 mapping file for font encoding U
   defining Unicode char U+00A9 (decimal 169)
   defining Unicode char U+00AA (decimal 170)
   defining Unicode char U+00AE (decimal 174)
   defining Unicode char U+00BA (decimal 186)
   defining Unicode char U+02C6 (decimal 710)
   defining Unicode char U+02DC (decimal 732)
   defining Unicode char U+200C (decimal 8204)
   defining Unicode char U+2026 (decimal 8230)
   defining Unicode char U+2122 (decimal 8482)
   defining Unicode char U+2423 (decimal 9251)
))
(/usr/share/texlive/texmf-dist/tex/latex/graphics/graphicx.sty
Package: graphicx 2017/06/01 v1.1a Enhanced LaTeX Graphics (DPC,SPQR)

(/usr/share/texlive/texmf-dist/tex/latex/graphics/keyval.sty
Package: keyval 2014/10/28 v1.15 key=value parser (DPC)
\KV@toks@=\toks16
)
(/usr/share/texlive/texmf-dist/tex/latex/graphics/graphics.sty
Package: graphics 2017/06/25 v1.2c Standard LaTeX Graphics (DPC,SPQR)

(/usr/share/texlive/texmf-dist/tex/latex/graphics/trig.sty
Package: trig 2016/01/03 v1.10 sin cos tan (DPC)
)
(/usr/share/texlive/texmf-dist/tex/latex/graphics-cfg/graphics.cfg
File: graphics.cfg 2016/06/04 v1.11 sample graphics configuration
)
Package graphics Info: Driver file: pdftex.def on input line 99.

(/usr/share/texlive/texmf-dist/tex/latex/graphics-def/pdftex.def
File: pdftex.def 2018/01/08 v1.0l Graphics/color driver for pdftex
))
\Gin@req@height=\dimen103
\Gin@req@width=\dimen104
)
(/usr/share/texlive/texmf-dist/tex/latex/mathtools/mathtools.sty
Package: mathtools 2018/01/08 v1.21 mathematical typesetting tools

(/usr/share/texlive/texmf-dist/tex/latex/tools/calc.sty
Package: calc 2014/10/28 v4.3 Infix arithmetic (KKT,FJ)
\calc@Acount=\count88
\calc@Bcount=\count89
\calc@Adimen=\dimen105
\calc@Bdimen=\dimen106
\calc@Askip=\skip43
\calc@Bskip=\skip44
LaTeX Info: Redefining \setlength on input line 80.
LaTeX Info: Redefining \addtolength on input line 81.
\calc@Ccount=\count90
\calc@Cskip=\skip45
)
(/usr/share/texlive/texmf-dist/tex/latex/mathtools/mhsetup.sty
Package: mhsetup 2017/03/31 v1.3 programming setup (MH)
)
(/usr/share/texlive/texmf-dist/tex/latex/amsmath/amsmath.sty
Package: amsmath 2017/09/02 v2.17a AMS math features
\@mathmargin=\skip46

For additional information on amsmath, use the `?' option.
(/usr/share/texlive/texmf-dist/tex/latex/amsmath/amstext.sty
Package: amstext 2000/06/29 v2.01 AMS text

(/usr/share/texlive/texmf-dist/tex/latex/amsmath/amsgen.sty
File: amsgen.sty 1999/11/30 v2.0 generic functions
\@emptytoks=\toks17
\ex@=\dimen107
))
(/usr/share/texlive/texmf-dist/tex/latex/amsmath/amsbsy.sty
Package: amsbsy 1999/11/29 v1.2d Bold Symbols
\pmbraise@=\dimen108
)
(/usr/share/texlive/texmf-dist/tex/latex/amsmath/amsopn.sty
Package: amsopn 2016/03/08 v2.02 operator names
)
\inf@bad=\count91
LaTeX Info: Redefining \frac on input line 213.
\uproot@=\count92
\leftroot@=\count93
LaTeX Info: Redefining \overline on input line 375.
\classnum@=\count94
\DOTSCASE@=\count95
LaTeX Info: Redefining \ldots on input line 472.
LaTeX Info: Redefining \dots on input line 475.
LaTeX Info: Redefining \cdots on input line 596.
\Mathstrutbox@=\box26
\strutbox@=\box27
\big@size=\dimen109
LaTeX Font Info:    Redeclaring font encoding OML on input line 712.
LaTeX Font Info:    Redeclaring font encoding OMS on input line 713.
\macc@depth=\count96
\c@MaxMatrixCols=\count97
\dotsspace@=\muskip10
\c@parentequation=\count98
\dspbrk@lvl=\count99
\tag@help=\toks18
\row@=\count100
\column@=\count101
\maxfields@=\count102
\andhelp@=\toks19
\eqnshift@=\dimen110
\alignsep@=\dimen111
\tagshift@=\dimen112
\tagwidth@=\dimen113
\totwidth@=\dimen114
\lineht@=\dimen115
\@envbody=\toks20
\multlinegap=\skip47
\multlinetaggap=\skip48
\mathdisplay@stack=\toks21
LaTeX Info: Redefining \[ on input line 2817.
LaTeX Info: Redefining \] on input line 2818.
)
LaTeX Info: Thecontrolsequence`\('isalreadyrobust on input line 129.
LaTeX Info: Thecontrolsequence`\)'isalreadyrobust on input line 129.
LaTeX Info: Thecontrolsequence`\['isalreadyrobust on input line 129.
LaTeX Info: Thecontrolsequence`\]'isalreadyrobust on input line 129.
\g_MT_multlinerow_int=\count103
\l_MT_multwidth_dim=\dimen116
\origjot=\skip49
\l_MT_shortvdotswithinadjustabove_dim=\dimen117
\l_MT_shortvdotswithinadjustbelow_dim=\dimen118
\l_MT_above_intertext_sep=\dimen119
\l_MT_below_intertext_sep=\dimen120
\l_MT_above_shortintertext_sep=\dimen121
\l_MT_below_shortintertext_sep=\dimen122
)
(/usr/share/texlive/texmf-dist/tex/latex/float/float.sty
Package: float 2001/11/08 v1.3d Float enhancements (AL)
\c@float@type=\count104
\float@exts=\toks22
\float@box=\box28
\@float@everytoks=\toks23
\@floatcapt=\box29
)
(/usr/share/texlive/texmf-dist/tex/latex/amscls/amsthm.sty
Package: amsthm 2017/10/31 v2.20.4
\thm@style=\toks24
\thm@bodyfont=\toks25
\thm@headfont=\toks26
\thm@notefont=\toks27
\thm@headpunct=\toks28
\thm@preskip=\skip50
\thm@postskip=\skip51
\thm@headsep=\skip52
\dth@everypar=\toks29
)
(/usr/share/texlive/texmf-dist/tex/latex/amsfonts/amssymb.sty
Package: amssymb 2013/01/14 v3.01 AMS font symbols

(/usr/share/texlive/texmf-dist/tex/latex/amsfonts/amsfonts.sty
Package: amsfonts 2013/01/14 v3.01 Basic AMSFonts support
\symAMSa=\mathgroup4
\symAMSb=\mathgroup5
LaTeX Font Info:    Overwriting math alphabet `\mathfrak' in version `bold'
(Font)                  U/euf/m/n --> U/euf/b/n on input line 106.
))
(/usr/share/texlive/texmf-dist/tex/latex/pgf/frontendlayer/tikz.sty
(/usr/share/texlive/texmf-dist/tex/latex/pgf/basiclayer/pgf.sty
(/usr/share/texlive/texmf-dist/tex/latex/pgf/utilities/pgfrcs.sty
(/usr/share/texlive/texmf-dist/tex/generic/pgf/utilities/pgfutil-common.tex
\pgfutil@everybye=\toks30
\pgfutil@tempdima=\dimen123
\pgfutil@tempdimb=\dimen124

(/usr/share/texlive/texmf-dist/tex/generic/pgf/utilities/pgfutil-common-lists.t
ex)) (/usr/share/texlive/texmf-dist/tex/generic/pgf/utilities/pgfutil-latex.def
\pgfutil@abb=\box30
(/usr/share/texlive/texmf-dist/tex/latex/ms/everyshi.sty
Package: everyshi 2001/05/15 v3.00 EveryShipout Package (MS)
))
(/usr/share/texlive/texmf-dist/tex/generic/pgf/utilities/pgfrcs.code.tex
Package: pgfrcs 2015/08/07 v3.0.1a (rcs-revision 1.31)
))
Package: pgf 2015/08/07 v3.0.1a (rcs-revision 1.15)

(/usr/share/texlive/texmf-dist/tex/latex/pgf/basiclayer/pgfcore.sty
(/usr/share/texlive/texmf-dist/tex/latex/pgf/systemlayer/pgfsys.sty
(/usr/share/texlive/texmf-dist/tex/generic/pgf/systemlayer/pgfsys.code.tex
Package: pgfsys 2014/07/09 v3.0.1a (rcs-revision 1.48)

(/usr/share/texlive/texmf-dist/tex/generic/pgf/utilities/pgfkeys.code.tex
\pgfkeys@pathtoks=\toks31
\pgfkeys@temptoks=\toks32

(/usr/share/texlive/texmf-dist/tex/generic/pgf/utilities/pgfkeysfiltered.code.t
ex
\pgfkeys@tmptoks=\toks33
))
\pgf@x=\dimen125
\pgf@y=\dimen126
\pgf@xa=\dimen127
\pgf@ya=\dimen128
\pgf@xb=\dimen129
\pgf@yb=\dimen130
\pgf@xc=\dimen131
\pgf@yc=\dimen132
\w@pgf@writea=\write3
\r@pgf@reada=\read1
\c@pgf@counta=\count105
\c@pgf@countb=\count106
\c@pgf@countc=\count107
\c@pgf@countd=\count108
\t@pgf@toka=\toks34
\t@pgf@tokb=\toks35
\t@pgf@tokc=\toks36
 (/usr/share/texlive/texmf-dist/tex/generic/pgf/systemlayer/pgf.cfg
File: pgf.cfg 2008/05/14  (rcs-revision 1.7)
)
Driver file for pgf: pgfsys-pdftex.def

(/usr/share/texlive/texmf-dist/tex/generic/pgf/systemlayer/pgfsys-pdftex.def
File: pgfsys-pdftex.def 2014/10/11  (rcs-revision 1.35)

(/usr/share/texlive/texmf-dist/tex/generic/pgf/systemlayer/pgfsys-common-pdf.de
f
File: pgfsys-common-pdf.def 2013/10/10  (rcs-revision 1.13)
)))
(/usr/share/texlive/texmf-dist/tex/generic/pgf/systemlayer/pgfsyssoftpath.code.
tex
File: pgfsyssoftpath.code.tex 2013/09/09  (rcs-revision 1.9)
\pgfsyssoftpath@smallbuffer@items=\count109
\pgfsyssoftpath@bigbuffer@items=\count110
)
(/usr/share/texlive/texmf-dist/tex/generic/pgf/systemlayer/pgfsysprotocol.code.
tex
File: pgfsysprotocol.code.tex 2006/10/16  (rcs-revision 1.4)
)) (/usr/share/texlive/texmf-dist/tex/latex/xcolor/xcolor.sty
Package: xcolor 2016/05/11 v2.12 LaTeX color extensions (UK)

(/usr/share/texlive/texmf-dist/tex/latex/graphics-cfg/color.cfg
File: color.cfg 2016/01/02 v1.6 sample color configuration
)
Package xcolor Info: Driver file: pdftex.def on input line 225.
Package xcolor Info: Model `cmy' substituted by `cmy0' on input line 1348.
Package xcolor Info: Model `hsb' substituted by `rgb' on input line 1352.
Package xcolor Info: Model `RGB' extended on input line 1364.
Package xcolor Info: Model `HTML' substituted by `rgb' on input line 1366.
Package xcolor Info: Model `Hsb' substituted by `hsb' on input line 1367.
Package xcolor Info: Model `tHsb' substituted by `hsb' on input line 1368.
Package xcolor Info: Model `HSB' substituted by `hsb' on input line 1369.
Package xcolor Info: Model `Gray' substituted by `gray' on input line 1370.
Package xcolor Info: Model `wave' substituted by `hsb' on input line 1371.
)
(/usr/share/texlive/texmf-dist/tex/generic/pgf/basiclayer/pgfcore.code.tex
Package: pgfcore 2010/04/11 v3.0.1a (rcs-revision 1.7)

(/usr/share/texlive/texmf-dist/tex/generic/pgf/math/pgfmath.code.tex
(/usr/share/texlive/texmf-dist/tex/generic/pgf/math/pgfmathcalc.code.tex
(/usr/share/texlive/texmf-dist/tex/generic/pgf/math/pgfmathutil.code.tex)
(/usr/share/texlive/texmf-dist/tex/generic/pgf/math/pgfmathparser.code.tex
\pgfmath@dimen=\dimen133
\pgfmath@count=\count111
\pgfmath@box=\box31
\pgfmath@toks=\toks37
\pgfmath@stack@operand=\toks38
\pgfmath@stack@operation=\toks39
)
(/usr/share/texlive/texmf-dist/tex/generic/pgf/math/pgfmathfunctions.code.tex
(/usr/share/texlive/texmf-dist/tex/generic/pgf/math/pgfmathfunctions.basic.code
.tex)
(/usr/share/texlive/texmf-dist/tex/generic/pgf/math/pgfmathfunctions.trigonomet
ric.code.tex)
(/usr/share/texlive/texmf-dist/tex/generic/pgf/math/pgfmathfunctions.random.cod
e.tex)
(/usr/share/texlive/texmf-dist/tex/generic/pgf/math/pgfmathfunctions.comparison
.code.tex)
(/usr/share/texlive/texmf-dist/tex/generic/pgf/math/pgfmathfunctions.base.code.
tex)
(/usr/share/texlive/texmf-dist/tex/generic/pgf/math/pgfmathfunctions.round.code
.tex)
(/usr/share/texlive/texmf-dist/tex/generic/pgf/math/pgfmathfunctions.misc.code.
tex)
(/usr/share/texlive/texmf-dist/tex/generic/pgf/math/pgfmathfunctions.integerari
thmetics.code.tex)))
(/usr/share/texlive/texmf-dist/tex/generic/pgf/math/pgfmathfloat.code.tex
\c@pgfmathroundto@lastzeros=\count112
))
(/usr/share/texlive/texmf-dist/tex/generic/pgf/basiclayer/pgfcorepoints.code.te
x
File: pgfcorepoints.code.tex 2013/10/07  (rcs-revision 1.27)
\pgf@picminx=\dimen134
\pgf@picmaxx=\dimen135
\pgf@picminy=\dimen136
\pgf@picmaxy=\dimen137
\pgf@pathminx=\dimen138
\pgf@pathmaxx=\dimen139
\pgf@pathminy=\dimen140
\pgf@pathmaxy=\dimen141
\pgf@xx=\dimen142
\pgf@xy=\dimen143
\pgf@yx=\dimen144
\pgf@yy=\dimen145
\pgf@zx=\dimen146
\pgf@zy=\dimen147
)
(/usr/share/texlive/texmf-dist/tex/generic/pgf/basiclayer/pgfcorepathconstruct.
code.tex
File: pgfcorepathconstruct.code.tex 2013/10/07  (rcs-revision 1.29)
\pgf@path@lastx=\dimen148
\pgf@path@lasty=\dimen149
)
(/usr/share/texlive/texmf-dist/tex/generic/pgf/basiclayer/pgfcorepathusage.code
.tex
File: pgfcorepathusage.code.tex 2014/11/02  (rcs-revision 1.24)
\pgf@shorten@end@additional=\dimen150
\pgf@shorten@start@additional=\dimen151
)
(/usr/share/texlive/texmf-dist/tex/generic/pgf/basiclayer/pgfcorescopes.code.te
x
File: pgfcorescopes.code.tex 2015/05/08  (rcs-revision 1.46)
\pgfpic=\box32
\pgf@hbox=\box33
\pgf@layerbox@main=\box34
\pgf@picture@serial@count=\count113
)
(/usr/share/texlive/texmf-dist/tex/generic/pgf/basiclayer/pgfcoregraphicstate.c
ode.tex
File: pgfcoregraphicstate.code.tex 2014/11/02  (rcs-revision 1.12)
\pgflinewidth=\dimen152
)
(/usr/share/texlive/texmf-dist/tex/generic/pgf/basiclayer/pgfcoretransformation
s.code.tex
File: pgfcoretransformations.code.tex 2015/08/07  (rcs-revision 1.20)
\pgf@pt@x=\dimen153
\pgf@pt@y=\dimen154
\pgf@pt@temp=\dimen155
)
(/usr/share/texlive/texmf-dist/tex/generic/pgf/basiclayer/pgfcorequick.code.tex
File: pgfcorequick.code.tex 2008/10/09  (rcs-revision 1.3)
)
(/usr/share/texlive/texmf-dist/tex/generic/pgf/basiclayer/pgfcoreobjects.code.t
ex
File: pgfcoreobjects.code.tex 2006/10/11  (rcs-revision 1.2)
)
(/usr/share/texlive/texmf-dist/tex/generic/pgf/basiclayer/pgfcorepathprocessing
.code.tex
File: pgfcorepathprocessing.code.tex 2013/09/09  (rcs-revision 1.9)
)
(/usr/share/texlive/texmf-dist/tex/generic/pgf/basiclayer/pgfcorearrows.code.te
x
File: pgfcorearrows.code.tex 2015/05/14  (rcs-revision 1.43)
\pgfarrowsep=\dimen156
)
(/usr/share/texlive/texmf-dist/tex/generic/pgf/basiclayer/pgfcoreshade.code.tex
File: pgfcoreshade.code.tex 2013/07/15  (rcs-revision 1.15)
\pgf@max=\dimen157
\pgf@sys@shading@range@num=\count114
)
(/usr/share/texlive/texmf-dist/tex/generic/pgf/basiclayer/pgfcoreimage.code.tex
File: pgfcoreimage.code.tex 2013/07/15  (rcs-revision 1.18)

(/usr/share/texlive/texmf-dist/tex/generic/pgf/basiclayer/pgfcoreexternal.code.
tex
File: pgfcoreexternal.code.tex 2014/07/09  (rcs-revision 1.21)
\pgfexternal@startupbox=\box35
))
(/usr/share/texlive/texmf-dist/tex/generic/pgf/basiclayer/pgfcorelayers.code.te
x
File: pgfcorelayers.code.tex 2013/07/18  (rcs-revision 1.7)
)
(/usr/share/texlive/texmf-dist/tex/generic/pgf/basiclayer/pgfcoretransparency.c
ode.tex
File: pgfcoretransparency.code.tex 2013/09/30  (rcs-revision 1.5)
)
(/usr/share/texlive/texmf-dist/tex/generic/pgf/basiclayer/pgfcorepatterns.code.
tex
File: pgfcorepatterns.code.tex 2013/11/07  (rcs-revision 1.5)
)))
(/usr/share/texlive/texmf-dist/tex/generic/pgf/modules/pgfmoduleshapes.code.tex
File: pgfmoduleshapes.code.tex 2014/03/21  (rcs-revision 1.35)
\pgfnodeparttextbox=\box36
) (/usr/share/texlive/texmf-dist/tex/generic/pgf/modules/pgfmoduleplot.code.tex
File: pgfmoduleplot.code.tex 2015/08/03  (rcs-revision 1.13)
)
(/usr/share/texlive/texmf-dist/tex/latex/pgf/compatibility/pgfcomp-version-0-65
.sty
Package: pgfcomp-version-0-65 2007/07/03 v3.0.1a (rcs-revision 1.7)
\pgf@nodesepstart=\dimen158
\pgf@nodesepend=\dimen159
)
(/usr/share/texlive/texmf-dist/tex/latex/pgf/compatibility/pgfcomp-version-1-18
.sty
Package: pgfcomp-version-1-18 2007/07/23 v3.0.1a (rcs-revision 1.1)
)) (/usr/share/texlive/texmf-dist/tex/latex/pgf/utilities/pgffor.sty
(/usr/share/texlive/texmf-dist/tex/latex/pgf/utilities/pgfkeys.sty
(/usr/share/texlive/texmf-dist/tex/generic/pgf/utilities/pgfkeys.code.tex))
(/usr/share/texlive/texmf-dist/tex/latex/pgf/math/pgfmath.sty
(/usr/share/texlive/texmf-dist/tex/generic/pgf/math/pgfmath.code.tex))
(/usr/share/texlive/texmf-dist/tex/generic/pgf/utilities/pgffor.code.tex
Package: pgffor 2013/12/13 v3.0.1a (rcs-revision 1.25)

(/usr/share/texlive/texmf-dist/tex/generic/pgf/math/pgfmath.code.tex)
\pgffor@iter=\dimen160
\pgffor@skip=\dimen161
\pgffor@stack=\toks40
\pgffor@toks=\toks41
))
(/usr/share/texlive/texmf-dist/tex/generic/pgf/frontendlayer/tikz/tikz.code.tex
Package: tikz 2015/08/07 v3.0.1a (rcs-revision 1.151)

(/usr/share/texlive/texmf-dist/tex/generic/pgf/libraries/pgflibraryplothandlers
.code.tex
File: pgflibraryplothandlers.code.tex 2013/08/31 v3.0.1a (rcs-revision 1.20)
\pgf@plot@mark@count=\count115
\pgfplotmarksize=\dimen162
)
\tikz@lastx=\dimen163
\tikz@lasty=\dimen164
\tikz@lastxsaved=\dimen165
\tikz@lastysaved=\dimen166
\tikzleveldistance=\dimen167
\tikzsiblingdistance=\dimen168
\tikz@figbox=\box37
\tikz@figbox@bg=\box38
\tikz@tempbox=\box39
\tikz@tempbox@bg=\box40
\tikztreelevel=\count116
\tikznumberofchildren=\count117
\tikznumberofcurrentchild=\count118
\tikz@fig@count=\count119

(/usr/share/texlive/texmf-dist/tex/generic/pgf/modules/pgfmodulematrix.code.tex
File: pgfmodulematrix.code.tex 2013/09/17  (rcs-revision 1.8)
\pgfmatrixcurrentrow=\count120
\pgfmatrixcurrentcolumn=\count121
\pgf@matrix@numberofcolumns=\count122
)
\tikz@expandcount=\count123

(/usr/share/texlive/texmf-dist/tex/generic/pgf/frontendlayer/tikz/libraries/tik
zlibrarytopaths.code.tex
File: tikzlibrarytopaths.code.tex 2008/06/17 v3.0.1a (rcs-revision 1.2)
)))
(/usr/share/texlive/texmf-dist/tex/generic/babel/babel.sty
Package: babel 2018/02/14 3.18 The Babel package

(/usr/share/texlive/texmf-dist/tex/generic/babel/switch.def
File: switch.def 2018/02/14 3.18 Babel switching mechanism
)
(/usr/share/texlive/texmf-dist/tex/generic/babel-english/english.ldf
Language: english 2017/06/06 v3.3r English support from the babel system

(/usr/share/texlive/texmf-dist/tex/generic/babel/babel.def
File: babel.def 2018/02/14 3.18 Babel common definitions
\babel@savecnt=\count124
\U@D=\dimen169

(/usr/share/texlive/texmf-dist/tex/generic/babel/txtbabel.def)
\bbl@dirlevel=\count125
)
\l@canadian = a dialect from \language\l@american 
\l@australian = a dialect from \language\l@british 
\l@newzealand = a dialect from \language\l@british 
))
(/usr/share/texlive/texmf-dist/tex/latex/babelbib/babelbib.sty
Package: babelbib 2012/01/03 v1.31 babelbib: multilingual bibliographies (HH)
\c@btxromaniannumeral=\count126
)
(/usr/share/texlive/texmf-dist/tex/latex/url/url.sty
\Urlmuskip=\muskip11
Package: url 2013/09/16  ver 3.4  Verb mode for urls, etc.
)
(/usr/share/texlive/texmf-dist/tex/latex/tools/tabularx.sty
Package: tabularx 2016/02/03 v2.11 `tabularx' package (DPC)

(/usr/share/texlive/texmf-dist/tex/latex/tools/array.sty
Package: array 2016/10/06 v2.4d Tabular extension package (FMi)
\col@sep=\dimen170
\extrarowheight=\dimen171
\NC@list=\toks42
\extratabsurround=\skip53
\backup@length=\skip54
)
\TX@col@width=\dimen172
\TX@old@table=\dimen173
\TX@old@col=\dimen174
\TX@target=\dimen175
\TX@delta=\dimen176
\TX@cols=\count127
\TX@ftn=\toks43
)
(/usr/share/texlive/texmf-dist/tex/latex/base/flafter.sty
Package: flafter 2017/04/11 v1.4a Standard LaTeX floats after reference (FMi)
Applying: [2015/01/01] float order in 2-column on input line 49.
Already applied: [0000/00/00] float order in 2-column on input line 151.
)
(/usr/share/texlive/texmf-dist/tex/latex/tools/afterpage.sty
Package: afterpage 2014/10/28 v1.08 After-Page Package (DPC)
\AP@output=\toks44
\AP@partial=\box41
\AP@footins=\box42
)
(/usr/share/texlive/texmf-dist/tex/latex/placeins/placeins.sty
Package: placeins 2005/04/18  v 2.2
)
(/usr/share/texlive/texmf-dist/tex/latex/caption/caption.sty
Package: caption 2016/02/21 v3.3-144 Customizing captions (AR)

(/usr/share/texlive/texmf-dist/tex/latex/caption/caption3.sty
Package: caption3 2016/05/22 v1.7-166 caption3 kernel (AR)
Package caption3 Info: TeX engine: e-TeX on input line 67.
\captionmargin=\dimen177
\captionmargin@=\dimen178
\captionwidth=\dimen179
\caption@tempdima=\dimen180
\caption@indent=\dimen181
\caption@parindent=\dimen182
\caption@hangindent=\dimen183
)
\c@ContinuedFloat=\count128
Package caption Info: float package is loaded.
)
(/usr/share/texlive/texmf-dist/tex/latex/caption/subcaption.sty
Package: subcaption 2016/05/22 v1.1-161 Sub-captions (AR)
\c@subfigure=\count129
\c@subtable=\count130
)
(/usr/share/texlive/texmf-dist/tex/latex/setspace/setspace.sty
Package: setspace 2011/12/19 v6.7a set line spacing
)
(/usr/share/texlive/texmf-dist/tex/latex/cmap/cmap.sty
Package: cmap 2008/03/06 v1.0h CMap support: searchable PDF
)
(/usr/share/texlive/texmf-dist/tex/latex/base/fontenc.sty
Package: fontenc 2017/04/05 v2.0i Standard LaTeX package

(/usr/share/texlive/texmf-dist/tex/latex/base/t1enc.def
File: t1enc.def 2017/04/05 v2.0i Standard LaTeX file
LaTeX Font Info:    Redeclaring font encoding T1 on input line 48.
)<<t1.cmap>>)
(/usr/share/texlive/texmf-dist/tex/latex/lipsum/lipsum.sty
Package: lipsum 2014/07/27 v1.3 150 paragraphs of Lorem Ipsum dummy text
\c@lips@count=\count131
)
(/usr/share/texlive/texmf-dist/tex/latex/pythonhighlight/pythonhighlight.sty
Package: pythonhighlight 2017/02/09 python code highlighting; provided by Olivi
er Verdier <olivier.verdier@gmail.com>

(/usr/share/texlive/texmf-dist/tex/latex/listings/listings.sty
\lst@mode=\count132
\lst@gtempboxa=\box43
\lst@token=\toks45
\lst@length=\count133
\lst@currlwidth=\dimen184
\lst@column=\count134
\lst@pos=\count135
\lst@lostspace=\dimen185
\lst@width=\dimen186
\lst@newlines=\count136
\lst@lineno=\count137
\lst@maxwidth=\dimen187

(/usr/share/texlive/texmf-dist/tex/latex/listings/lstmisc.sty
File: lstmisc.sty 2015/06/04 1.6 (Carsten Heinz)
\c@lstnumber=\count138
\lst@skipnumbers=\count139
\lst@framebox=\box44
)
(/usr/share/texlive/texmf-dist/tex/latex/listings/listings.cfg
File: listings.cfg 2015/06/04 1.6 listings configuration
))
Package: listings 2015/06/04 1.6 (Carsten Heinz)
) (./main.aux)
\openout1 = `main.aux'.

LaTeX Font Info:    Checking defaults for OML/cmm/m/it on input line 35.
LaTeX Font Info:    ... okay on input line 35.
LaTeX Font Info:    Checking defaults for T1/cmr/m/n on input line 35.
LaTeX Font Info:    ... okay on input line 35.
LaTeX Font Info:    Checking defaults for OT1/cmr/m/n on input line 35.
LaTeX Font Info:    ... okay on input line 35.
LaTeX Font Info:    Checking defaults for OMS/cmsy/m/n on input line 35.
LaTeX Font Info:    ... okay on input line 35.
LaTeX Font Info:    Checking defaults for OMX/cmex/m/n on input line 35.
LaTeX Font Info:    ... okay on input line 35.
LaTeX Font Info:    Checking defaults for U/cmr/m/n on input line 35.
LaTeX Font Info:    ... okay on input line 35.

(/usr/share/texlive/texmf-dist/tex/context/base/mkii/supp-pdf.mkii
[Loading MPS to PDF converter (version 2006.09.02).]
\scratchcounter=\count140
\scratchdimen=\dimen188
\scratchbox=\box45
\nofMPsegments=\count141
\nofMParguments=\count142
\everyMPshowfont=\toks46
\MPscratchCnt=\count143
\MPscratchDim=\dimen189
\MPnumerator=\count144
\makeMPintoPDFobject=\count145
\everyMPtoPDFconversion=\toks47
) (/usr/share/texlive/texmf-dist/tex/latex/oberdiek/epstopdf-base.sty
Package: epstopdf-base 2016/05/15 v2.6 Base part for package epstopdf

(/usr/share/texlive/texmf-dist/tex/generic/oberdiek/infwarerr.sty
Package: infwarerr 2016/05/16 v1.4 Providing info/warning/error messages (HO)
)
(/usr/share/texlive/texmf-dist/tex/latex/oberdiek/grfext.sty
Package: grfext 2016/05/16 v1.2 Manage graphics extensions (HO)

(/usr/share/texlive/texmf-dist/tex/generic/oberdiek/kvdefinekeys.sty
Package: kvdefinekeys 2016/05/16 v1.4 Define keys (HO)

(/usr/share/texlive/texmf-dist/tex/generic/oberdiek/ltxcmds.sty
Package: ltxcmds 2016/05/16 v1.23 LaTeX kernel commands for general use (HO)
)))
(/usr/share/texlive/texmf-dist/tex/latex/oberdiek/kvoptions.sty
Package: kvoptions 2016/05/16 v3.12 Key value format for package options (HO)

(/usr/share/texlive/texmf-dist/tex/generic/oberdiek/kvsetkeys.sty
Package: kvsetkeys 2016/05/16 v1.17 Key value parser (HO)

(/usr/share/texlive/texmf-dist/tex/generic/oberdiek/etexcmds.sty
Package: etexcmds 2016/05/16 v1.6 Avoid name clashes with e-TeX commands (HO)

(/usr/share/texlive/texmf-dist/tex/generic/oberdiek/ifluatex.sty
Package: ifluatex 2016/05/16 v1.4 Provides the ifluatex switch (HO)
Package ifluatex Info: LuaTeX not detected.
)
Package etexcmds Info: Could not find \expanded.
(etexcmds)             That can mean that you are not using pdfTeX 1.50 or
(etexcmds)             that some package has redefined \expanded.
(etexcmds)             In the latter case, load this package earlier.
)))
(/usr/share/texlive/texmf-dist/tex/generic/oberdiek/pdftexcmds.sty
Package: pdftexcmds 2018/01/21 v0.26 Utility functions of pdfTeX for LuaTeX (HO
)

(/usr/share/texlive/texmf-dist/tex/generic/oberdiek/ifpdf.sty
Package: ifpdf 2017/03/15 v3.2 Provides the ifpdf switch
)
Package pdftexcmds Info: LuaTeX not detected.
Package pdftexcmds Info: \pdf@primitive is available.
Package pdftexcmds Info: \pdf@ifprimitive is available.
Package pdftexcmds Info: \pdfdraftmode found.
)
Package epstopdf-base Info: Redefining graphics rule for `.eps' on input line 4
38.
Package grfext Info: Graphics extension search list:
(grfext)             [.pdf,.png,.jpg,.mps,.jpeg,.jbig2,.jb2,.PDF,.PNG,.JPG,.JPE
G,.JBIG2,.JB2,.eps]
(grfext)             \AppendGraphicsExtensions on input line 456.

(/usr/share/texlive/texmf-dist/tex/latex/latexconfig/epstopdf-sys.cfg
File: epstopdf-sys.cfg 2010/07/13 v1.3 Configuration of (r)epstopdf for TeX Liv
e
))
ABD: EveryShipout initializing macros
babelbib: Use citation-dependent languages in bibliography
babelbib: Set bibliography fall-back language to english
(/usr/share/texlive/texmf-dist/tex/latex/babelbib/english.bdf
File: english.bdf 2012/01/03 v1.31 babelbib: multilingual bibliographies (HH)

babelbib extension \bibsenglish added to \extrasenglish
babelbib extension \btxifchangecaseon added to \extrasenglish
)
Package caption Info: Begin \AtBeginDocument code.
Package caption Info: listings package is loaded.
Package caption Info: End \AtBeginDocument code.
\c@lstlisting=\count146
<<ot1.cmap>><<oml.cmap>><<oms.cmap>><<omx.cmap>>
(/usr/share/texlive/texmf-dist/tex/latex/amsfonts/umsa.fd)
(/usr/share/texlive/texmf-dist/tex/latex/amsfonts/umsb.fd)
File: TU_Logo_SW.pdf Graphic file (type pdf)
<use TU_Logo_SW.pdf>
Package pdftex.def Info: TU_Logo_SW.pdf  used on input line 70.
(pdftex.def)             Requested size: 170.71652pt x 50.01544pt.
 [1


{/var/lib/texmf/fonts/map/pdftex/updmap/pdftex.map} <./TU_Logo_SW.pdf>] [2]
Underfull \hbox (badness 10000) in paragraph at lines 85--88

 []


Underfull \hbox (badness 10000) in paragraph at lines 90--92

 []

[3

] [4

] (./main.toc)
\tf@toc=\write4
\openout4 = `main.toc'.

 [5

]
Chapter 1.
<Images/LWFA.png, id=33, 1084.05pt x 726.3135pt>
File: Images/LWFA.png Graphic file (type png)
<use Images/LWFA.png>
Package pdftex.def Info: Images/LWFA.png  used on input line 102.
(pdftex.def)             Requested size: 404.99725pt x 271.34729pt.
[6

]
<Images/axiparabola.png, id=40, 1467.4825pt x 596.2275pt>
File: Images/axiparabola.png Graphic file (type png)
<use Images/axiparabola.png>
Package pdftex.def Info: Images/axiparabola.png  used on input line 118.
(pdftex.def)             Requested size: 314.99863pt x 127.97716pt.
<Images/palastro_flfoc.png, id=41, 1956.30875pt x 608.2725pt>
File: Images/palastro_flfoc.png Graphic file (type png)
<use Images/palastro_flfoc.png>
Package pdftex.def Info: Images/palastro_flfoc.png  used on input line 124.
(pdftex.def)             Requested size: 404.99725pt x 125.92183pt.

Underfull \vbox (badness 1681) has occurred while \output is active []

 [7 <./Images/LWFA.png>]
Underfull \vbox (badness 10000) has occurred while \output is active []

 [8 <./Images/axiparabola.png> <./Images/palastro_flfoc.png>] [9]
Chapter 2.
(/usr/share/texlive/texmf-dist/tex/latex/listings/lstlang1.sty
File: lstlang1.sty 2015/06/04 1.6 listings language file
)
LaTeX Font Info:    Try loading font information for T1+cmtt on input line 169.


(/usr/share/texlive/texmf-dist/tex/latex/base/t1cmtt.fd
File: t1cmtt.fd 2014/09/29 v2.5h Standard LaTeX font definitions
) [10

]
LaTeX Font Info:    Font shape `T1/cmtt/bx/n' in size <12> not available
(Font)              Font shape `T1/cmtt/m/n' tried instead on input line 182.
<Images/lasy_parabol_focus.png, id=74, 629.4717pt x 505.1673pt>
File: Images/lasy_parabol_focus.png Graphic file (type png)
<use Images/lasy_parabol_focus.png>
Package pdftex.def Info: Images/lasy_parabol_focus.png  used on input line 186.

(pdftex.def)             Requested size: 314.99863pt x 252.79114pt.
<Images/lasy_parabol_saved.png, id=75, 635.976pt x 505.1673pt>
File: Images/lasy_parabol_saved.png Graphic file (type png)
<use Images/lasy_parabol_saved.png>
Package pdftex.def Info: Images/lasy_parabol_saved.png  used on input line 192.

(pdftex.def)             Requested size: 314.99863pt x 250.2089pt.
 [11]
<Images/tau_Ds.png, id=82, 428.5611pt x 312.9291pt>
File: Images/tau_Ds.png Graphic file (type png)
<use Images/tau_Ds.png>
Package pdftex.def Info: Images/tau_Ds.png  used on input line 221.
(pdftex.def)             Requested size: 314.99863pt x 230.02159pt.
 [12 <./Images/lasy_parabol_focus.png> <./Images/lasy_parabol_saved.png>] [13 <
./Images/tau_Ds.png>]
<Images/pic_parabol_focus.png, id=93, 933.0057pt x 727.7589pt>
File: Images/pic_parabol_focus.png Graphic file (type png)
<use Images/pic_parabol_focus.png>
Package pdftex.def Info: Images/pic_parabol_focus.png  used on input line 260.
(pdftex.def)             Requested size: 314.99863pt x 245.70242pt.
 [14] [15 <./Images/pic_parabol_focus.png>]
Chapter 3.
<Images/lasy_gauss_1.png, id=101, 450.2421pt x 326.6604pt>
File: Images/lasy_gauss_1.png Graphic file (type png)
<use Images/lasy_gauss_1.png>
Package pdftex.def Info: Images/lasy_gauss_1.png  used on input line 295.
(pdftex.def)             Requested size: 215.99808pt x 156.71046pt.
<Images/lasy_gauss_2.png, id=102, 459.6372pt x 326.6604pt>
File: Images/lasy_gauss_2.png Graphic file (type png)
<use Images/lasy_gauss_2.png>
Package pdftex.def Info: Images/lasy_gauss_2.png  used on input line 296.
(pdftex.def)             Requested size: 215.99808pt x 153.51047pt.
<Images/lasy_gauss_ws.png, id=103, 408.3255pt x 312.9291pt>
File: Images/lasy_gauss_ws.png Graphic file (type png)
<use Images/lasy_gauss_ws.png>
Package pdftex.def Info: Images/lasy_gauss_ws.png  used on input line 302.
(pdftex.def)             Requested size: 215.99808pt x 165.53647pt.
<Images/lasy_gauss_ts.png, id=104, 417.7206pt x 312.9291pt>
File: Images/lasy_gauss_ts.png Graphic file (type png)
<use Images/lasy_gauss_ts.png>
Package pdftex.def Info: Images/lasy_gauss_ts.png  used on input line 303.
(pdftex.def)             Requested size: 215.99808pt x 161.80727pt.
[16

]
<Images/lasy_parabol_parabola.png, id=109, 450.2421pt x 325.215pt>
File: Images/lasy_parabol_parabola.png Graphic file (type png)
<use Images/lasy_parabol_parabola.png>
Package pdftex.def Info: Images/lasy_parabol_parabola.png  used on input line 3
27.
(pdftex.def)             Requested size: 215.99808pt x 156.01706pt.
<Images/lasy_parabol_example.png, id=110, 450.2421pt x 325.215pt>
File: Images/lasy_parabol_example.png Graphic file (type png)
<use Images/lasy_parabol_example.png>
Package pdftex.def Info: Images/lasy_parabol_example.png  used on input line 32
8.
(pdftex.def)             Requested size: 215.99808pt x 156.01706pt.
 [17 <./Images/lasy_gauss_1.png> <./Images/lasy_gauss_2.png> <./Images/lasy_gau
ss_ws.png> <./Images/lasy_gauss_ts.png>] [18 <./Images/lasy_parabol_parabola.pn
g> <./Images/lasy_parabol_example.png>]
Chapter 4.
<Images/pic_parabol_zr1.png, id=124, 933.0057pt x 727.7589pt>
File: Images/pic_parabol_zr1.png Graphic file (type png)
<use Images/pic_parabol_zr1.png>
Package pdftex.def Info: Images/pic_parabol_zr1.png  used on input line 359.
(pdftex.def)             Requested size: 215.99808pt x 168.4804pt.
<Images/pic_parabol_zr1_lin.png, id=125, 985.0401pt x 727.7589pt>
File: Images/pic_parabol_zr1_lin.png Graphic file (type png)
<use Images/pic_parabol_zr1_lin.png>
Package pdftex.def Info: Images/pic_parabol_zr1_lin.png  used on input line 360
.
(pdftex.def)             Requested size: 215.99808pt x 159.57442pt.
<Images/pic_parabol_zr2.png, id=126, 933.0057pt x 727.7589pt>
File: Images/pic_parabol_zr2.png Graphic file (type png)
<use Images/pic_parabol_zr2.png>
Package pdftex.def Info: Images/pic_parabol_zr2.png  used on input line 366.
(pdftex.def)             Requested size: 314.99863pt x 245.70242pt.
<Images/pic_parabol_ws.png, id=127, 411.2163pt x 312.9291pt>
File: Images/pic_parabol_ws.png Graphic file (type png)
<use Images/pic_parabol_ws.png>
Package pdftex.def Info: Images/pic_parabol_ws.png  used on input line 372.
(pdftex.def)             Requested size: 314.99863pt x 239.72421pt.

Underfull \vbox (badness 7595) has occurred while \output is active []

 [19

]
Underfull \vbox (badness 1067) has occurred while \output is active []

 [20 <./Images/pic_parabol_zr1.png> <./Images/pic_parabol_zr1_lin.png> <./Image
s/pic_parabol_zr2.png>] [21 <./Images/pic_parabol_ws.png>]
Chapter 5.
<Images/lasy_rgd0.png, id=142, 456.7464pt x 325.215pt>
File: Images/lasy_rgd0.png Graphic file (type png)
<use Images/lasy_rgd0.png>
Package pdftex.def Info: Images/lasy_rgd0.png  used on input line 386.
(pdftex.def)             Requested size: 215.99808pt x 153.79887pt.
<Images/lasy_rgd4.png, id=143, 456.7464pt x 325.215pt>
File: Images/lasy_rgd4.png Graphic file (type png)
<use Images/lasy_rgd4.png>
Package pdftex.def Info: Images/lasy_rgd4.png  used on input line 387.
(pdftex.def)             Requested size: 215.99808pt x 153.79887pt.
<Images/lasy_rgd_ts.png, id=144, 424.9476pt x 313.6518pt>
File: Images/lasy_rgd_ts.png Graphic file (type png)
<use Images/lasy_rgd_ts.png>
Package pdftex.def Info: Images/lasy_rgd_ts.png  used on input line 393.
(pdftex.def)             Requested size: 314.99863pt x 232.5007pt.
[22

]
<Images/lasy_axiparabola.png, id=148, 459.6372pt x 325.215pt>
File: Images/lasy_axiparabola.png Graphic file (type png)
<use Images/lasy_axiparabola.png>
Package pdftex.def Info: Images/lasy_axiparabola.png  used on input line 403.
(pdftex.def)             Requested size: 215.99808pt x 152.83122pt.
<Images/lasy_axiparabola_focus2.png, id=149, 459.6372pt x 325.215pt>
File: Images/lasy_axiparabola_focus2.png Graphic file (type png)
<use Images/lasy_axiparabola_focus2.png>
Package pdftex.def Info: Images/lasy_axiparabola_focus2.png  used on input line
 404.
(pdftex.def)             Requested size: 215.99808pt x 152.83122pt.
<Images/lasy_axiparabola_focus.png, id=150, 629.4717pt x 505.1673pt>
File: Images/lasy_axiparabola_focus.png Graphic file (type png)
<use Images/lasy_axiparabola_focus.png>
Package pdftex.def Info: Images/lasy_axiparabola_focus.png  used on input line 
410.
(pdftex.def)             Requested size: 314.99863pt x 252.79114pt.
<Images/ambat_axisim.png, id=151, 1597.97pt x 403.5075pt>
File: Images/ambat_axisim.png Graphic file (type png)
<use Images/ambat_axisim.png>
Package pdftex.def Info: Images/ambat_axisim.png  used on input line 416.
(pdftex.def)             Requested size: 440.99808pt x 111.35587pt.
<Images/lasy_axiparabola_ws.png, id=152, 462.528pt x 346.896pt>
File: Images/lasy_axiparabola_ws.png Graphic file (type png)
<use Images/lasy_axiparabola_ws.png>
Package pdftex.def Info: Images/lasy_axiparabola_ws.png  used on input line 422
.
(pdftex.def)             Requested size: 215.99808pt x 161.99837pt.
<Images/lasy_axiparabola_dir_ws.png, id=153, 462.528pt x 346.896pt>
File: Images/lasy_axiparabola_dir_ws.png Graphic file (type png)
<use Images/lasy_axiparabola_dir_ws.png>
Package pdftex.def Info: Images/lasy_axiparabola_dir_ws.png  used on input line
 423.
(pdftex.def)             Requested size: 215.99808pt x 161.99837pt.
<Images/lasy_axiparabola_ts.png, id=154, 462.528pt x 346.896pt>
File: Images/lasy_axiparabola_ts.png Graphic file (type png)
<use Images/lasy_axiparabola_ts.png>
Package pdftex.def Info: Images/lasy_axiparabola_ts.png  used on input line 424
.
(pdftex.def)             Requested size: 215.99808pt x 161.99837pt.
<Images/lasy_axiparabola_dir_ts.png, id=155, 462.528pt x 346.896pt>
File: Images/lasy_axiparabola_dir_ts.png Graphic file (type png)
<use Images/lasy_axiparabola_dir_ts.png>
Package pdftex.def Info: Images/lasy_axiparabola_dir_ts.png  used on input line
 425.
(pdftex.def)             Requested size: 215.99808pt x 161.99837pt.
<Images/pic_axiparabola_ws.png, id=156, 401.0985pt x 324.4923pt>
File: Images/pic_axiparabola_ws.png Graphic file (type png)
<use Images/pic_axiparabola_ws.png>
Package pdftex.def Info: Images/pic_axiparabola_ws.png  used on input line 431.

(pdftex.def)             Requested size: 215.99808pt x 174.74295pt.
<Images/pic_axiparabola_lps.png, id=157, 428.5611pt x 324.4923pt>
File: Images/pic_axiparabola_lps.png Graphic file (type png)
<use Images/pic_axiparabola_lps.png>
Package pdftex.def Info: Images/pic_axiparabola_lps.png  used on input line 432
.
(pdftex.def)             Requested size: 215.99808pt x 163.54794pt.
<Images/axiparabola_abs.png, id=158, 409.7709pt x 312.9291pt>
File: Images/axiparabola_abs.png Graphic file (type png)
<use Images/axiparabola_abs.png>
Package pdftex.def Info: Images/axiparabola_abs.png  used on input line 438.
(pdftex.def)             Requested size: 215.99808pt x 164.94916pt.
<Images/axiparabola_rel.png, id=159, 403.2666pt x 324.4923pt>
File: Images/axiparabola_rel.png Graphic file (type png)
<use Images/axiparabola_rel.png>
Package pdftex.def Info: Images/axiparabola_rel.png  used on input line 439.
(pdftex.def)             Requested size: 215.99808pt x 173.80714pt.
 [23 <./Images/lasy_rgd0.png> <./Images/lasy_rgd4.png> <./Images/lasy_rgd_ts.pn
g>]

LaTeX Warning: Text page 24 contains only floats.

[24 <./Images/lasy_axiparabola.png> <./Images/lasy_axiparabola_focus2.png> <./I
mages/lasy_axiparabola_focus.png> <./Images/ambat_axisim.png>] [25 <./Images/la
sy_axiparabola_ws.png> <./Images/lasy_axiparabola_dir_ws.png> <./Images/lasy_ax
iparabola_ts.png> <./Images/lasy_axiparabola_dir_ts.png> <./Images/pic_axiparab
ola_ws.png> <./Images/pic_axiparabola_lps.png>]
<Images/lasy_flfoc_102_axiparabola.png, id=183, 459.6372pt x 325.215pt>
File: Images/lasy_flfoc_102_axiparabola.png Graphic file (type png)
<use Images/lasy_flfoc_102_axiparabola.png>
Package pdftex.def Info: Images/lasy_flfoc_102_axiparabola.png  used on input l
ine 459.
(pdftex.def)             Requested size: 215.99808pt x 152.83122pt.
<Images/lasy_flfoc_102_focus2.png, id=184, 450.2421pt x 325.215pt>
File: Images/lasy_flfoc_102_focus2.png Graphic file (type png)
<use Images/lasy_flfoc_102_focus2.png>
Package pdftex.def Info: Images/lasy_flfoc_102_focus2.png  used on input line 4
60.
(pdftex.def)             Requested size: 215.99808pt x 156.01706pt.
<Images/lasy_flfoc_98_axiparabola.png, id=185, 459.6372pt x 325.215pt>
File: Images/lasy_flfoc_98_axiparabola.png Graphic file (type png)
<use Images/lasy_flfoc_98_axiparabola.png>
Package pdftex.def Info: Images/lasy_flfoc_98_axiparabola.png  used on input li
ne 461.
(pdftex.def)             Requested size: 215.99808pt x 152.83122pt.
<Images/lasy_flfoc_98_focus2.png, id=186, 450.2421pt x 325.215pt>
File: Images/lasy_flfoc_98_focus2.png Graphic file (type png)
<use Images/lasy_flfoc_98_focus2.png>
Package pdftex.def Info: Images/lasy_flfoc_98_focus2.png  used on input line 46
2.
(pdftex.def)             Requested size: 215.99808pt x 156.01706pt.
<Images/lasy_flfoc_102_focus.png, id=187, 629.4717pt x 505.1673pt>
File: Images/lasy_flfoc_102_focus.png Graphic file (type png)
<use Images/lasy_flfoc_102_focus.png>
Package pdftex.def Info: Images/lasy_flfoc_102_focus.png  used on input line 46
8.
(pdftex.def)             Requested size: 215.99808pt x 173.3425pt.
<Images/lasy_flfoc_98_focus.png, id=188, 629.4717pt x 505.1673pt>
File: Images/lasy_flfoc_98_focus.png Graphic file (type png)
<use Images/lasy_flfoc_98_focus.png>
Package pdftex.def Info: Images/lasy_flfoc_98_focus.png  used on input line 469
.
(pdftex.def)             Requested size: 215.99808pt x 173.3425pt.
<Images/lasy_flfoc_98_ws.png, id=189, 462.528pt x 346.896pt>
File: Images/lasy_flfoc_98_ws.png Graphic file (type png)
<use Images/lasy_flfoc_98_ws.png>
Package pdftex.def Info: Images/lasy_flfoc_98_ws.png  used on input line 475.
(pdftex.def)             Requested size: 215.99808pt x 161.99837pt.
<Images/lasy_flfoc_98_dir_ws.png, id=190, 462.528pt x 346.896pt>
File: Images/lasy_flfoc_98_dir_ws.png Graphic file (type png)
<use Images/lasy_flfoc_98_dir_ws.png>
Package pdftex.def Info: Images/lasy_flfoc_98_dir_ws.png  used on input line 47
6.
(pdftex.def)             Requested size: 215.99808pt x 161.99837pt.
<Images/lasy_flfoc_98_ts.png, id=191, 462.528pt x 346.896pt>
File: Images/lasy_flfoc_98_ts.png Graphic file (type png)
<use Images/lasy_flfoc_98_ts.png>
Package pdftex.def Info: Images/lasy_flfoc_98_ts.png  used on input line 477.
(pdftex.def)             Requested size: 215.99808pt x 161.99837pt.
<Images/lasy_flfoc_98_dir_ts.png, id=192, 462.528pt x 346.896pt>
File: Images/lasy_flfoc_98_dir_ts.png Graphic file (type png)
<use Images/lasy_flfoc_98_dir_ts.png>
Package pdftex.def Info: Images/lasy_flfoc_98_dir_ts.png  used on input line 47
8.
(pdftex.def)             Requested size: 215.99808pt x 161.99837pt.
<Images/lasy_flfoc_102_ws.png, id=193, 462.528pt x 346.896pt>
File: Images/lasy_flfoc_102_ws.png Graphic file (type png)
<use Images/lasy_flfoc_102_ws.png>
Package pdftex.def Info: Images/lasy_flfoc_102_ws.png  used on input line 484.
(pdftex.def)             Requested size: 215.99808pt x 161.99837pt.
<Images/lasy_flfoc_102_dir_ws.png, id=194, 462.528pt x 346.896pt>
File: Images/lasy_flfoc_102_dir_ws.png Graphic file (type png)
<use Images/lasy_flfoc_102_dir_ws.png>
Package pdftex.def Info: Images/lasy_flfoc_102_dir_ws.png  used on input line 4
85.
(pdftex.def)             Requested size: 215.99808pt x 161.99837pt.
<Images/lasy_flfoc_102_ts.png, id=195, 462.528pt x 346.896pt>
File: Images/lasy_flfoc_102_ts.png Graphic file (type png)
<use Images/lasy_flfoc_102_ts.png>
Package pdftex.def Info: Images/lasy_flfoc_102_ts.png  used on input line 486.
(pdftex.def)             Requested size: 215.99808pt x 161.99837pt.
<Images/lasy_flfoc_102_dir_ts.png, id=196, 462.528pt x 346.896pt>
File: Images/lasy_flfoc_102_dir_ts.png Graphic file (type png)
<use Images/lasy_flfoc_102_dir_ts.png>
Package pdftex.def Info: Images/lasy_flfoc_102_dir_ts.png  used on input line 4
87.
(pdftex.def)             Requested size: 215.99808pt x 161.99837pt.
 [26 <./Images/axiparabola_abs.png> <./Images/axiparabola_rel.png>] [27 <./Imag
es/lasy_flfoc_102_axiparabola.png> <./Images/lasy_flfoc_102_focus2.png> <./Imag
es/lasy_flfoc_98_axiparabola.png> <./Images/lasy_flfoc_98_focus2.png> <./Images
/lasy_flfoc_102_focus.png> <./Images/lasy_flfoc_98_focus.png>] [28 <./Images/la
sy_flfoc_98_ws.png> <./Images/lasy_flfoc_98_dir_ws.png> <./Images/lasy_flfoc_98
_ts.png> <./Images/lasy_flfoc_98_dir_ts.png>] [29 <./Images/lasy_flfoc_102_ws.p
ng> <./Images/lasy_flfoc_102_dir_ws.png> <./Images/lasy_flfoc_102_ts.png> <./Im
ages/lasy_flfoc_102_dir_ts.png>]
Chapter 6.

Underfull \hbox (badness 10000) in paragraph at lines 503--506

 []

[30

] [31] (./main.bbl [32


]
Underfull \hbox (badness 10000) in paragraph at lines 110--115
[]\T1/cmr/m/n/10 Klaus Steiniger.  Is-sue 5269 todo in laser refac-tor-ing.  $\
T1/cmtt/m/n/10 https : / / github . com /
 []

) [33] (./main.lof
Overfull \hbox (3.254pt too wide) in paragraph at lines 4--4
 [][] []\T1/cmr/m/n/10 PIConGPU sim-u-la-tion of laser wake-field ac-cel-er-a-t
ion. Dis-played are the elec-trons, coloured 
 []

[34


])
\tf@lof=\write5
\openout5 = `main.lof'.

 [35] [36

] [37] (./main.aux) ) 
Here is how much of TeX's memory you used:
 18249 strings out of 492982
 330438 string characters out of 6134896
 504343 words of memory out of 5000000
 21319 multiletter control sequences out of 15000+600000
 25530 words of font info for 66 fonts, out of 8000000 for 9000
 1141 hyphenation exceptions out of 8191
 55i,12n,58p,1073b,1551s stack positions out of 5000i,500n,10000p,200000b,80000s
{/usr/share/texmf/fonts/enc/dvips/cm-super/cm-super-t1.enc
}</usr/share/texlive/texmf-dist/fonts/type1/public/amsfonts/cm/cmex10.pfb></usr
/share/texlive/texmf-dist/fonts/type1/public/amsfonts/cm/cmmi10.pfb></usr/share
/texlive/texmf-dist/fonts/type1/public/amsfonts/cm/cmmi5.pfb></usr/share/texliv
e/texmf-dist/fonts/type1/public/amsfonts/cm/cmmi6.pfb></usr/share/texlive/texmf
-dist/fonts/type1/public/amsfonts/cm/cmmi7.pfb></usr/share/texlive/texmf-dist/f
onts/type1/public/amsfonts/cm/cmmi9.pfb></usr/share/texlive/texmf-dist/fonts/ty
pe1/public/amsfonts/cm/cmr10.pfb></usr/share/texlive/texmf-dist/fonts/type1/pub
lic/amsfonts/cm/cmr5.pfb></usr/share/texlive/texmf-dist/fonts/type1/public/amsf
onts/cm/cmr6.pfb></usr/share/texlive/texmf-dist/fonts/type1/public/amsfonts/cm/
cmr7.pfb></usr/share/texlive/texmf-dist/fonts/type1/public/amsfonts/cm/cmr9.pfb
></usr/share/texlive/texmf-dist/fonts/type1/public/amsfonts/cm/cmsy10.pfb></usr
/share/texlive/texmf-dist/fonts/type1/public/amsfonts/cm/cmsy7.pfb></usr/share/
texlive/texmf-dist/fonts/type1/public/amsfonts/cm/cmsy9.pfb></usr/share/texmf/f
onts/type1/public/cm-super/sfbx0900.pfb></usr/share/texmf/fonts/type1/public/cm
-super/sfbx1000.pfb></usr/share/texmf/fonts/type1/public/cm-super/sfbx1200.pfb>
</usr/share/texmf/fonts/type1/public/cm-super/sfbx1440.pfb></usr/share/texmf/fo
nts/type1/public/cm-super/sfbx2074.pfb></usr/share/texmf/fonts/type1/public/cm-
super/sfbx2488.pfb></usr/share/texmf/fonts/type1/public/cm-super/sfrm0900.pfb><
/usr/share/texmf/fonts/type1/public/cm-super/sfrm1000.pfb></usr/share/texmf/fon
ts/type1/public/cm-super/sfrm1200.pfb></usr/share/texmf/fonts/type1/public/cm-s
uper/sfsl1000.pfb></usr/share/texmf/fonts/type1/public/cm-super/sfti1000.pfb></
usr/share/texmf/fonts/type1/public/cm-super/sftt0800.pfb></usr/share/texmf/font
s/type1/public/cm-super/sftt1000.pfb></usr/share/texmf/fonts/type1/public/cm-su
per/sftt1200.pfb>
Output written on main.pdf (37 pages, 5963935 bytes).
PDF statistics:
 343 PDF objects out of 1000 (max. 8388607)
 176 compressed objects within 2 object streams
 0 named destinations out of 1000 (max. 500000)
 268 words of extra memory for PDF output out of 10000 (max. 10000000)

